<?xml version="1.0" encoding="UTF-8"?>
<coverage generated="1774423222939" clover="3.2.0">
  <project timestamp="1774423222939" name="All files">
    <metrics statements="35" coveredstatements="35" conditionals="4" coveredconditionals="4" methods="12" coveredmethods="12" elements="51" coveredelements="51" complexity="0" loc="35" ncloc="35" packages="1" files="2" classes="2"/>
    <file name="DIP.ts" path="C:\Users\Stingray\Desktop\System-design\SOLID Principles\Typescript\DIP.ts">
      <metrics statements="9" coveredstatements="9" conditionals="0" coveredconditionals="0" methods="6" coveredmethods="6"/>
      <line num="10" count="1" type="stmt"/>
      <line num="13" count="1" type="stmt"/>
      <line num="19" count="1" type="stmt"/>
      <line num="23" count="1" type="stmt"/>
      <line num="24" count="1" type="stmt"/>
      <line num="36" count="6" type="stmt"/>
      <line num="41" count="8" type="stmt"/>
      <line num="43" count="8" type="stmt"/>
      <line num="47" count="1" type="stmt"/>
    </file>
    <file name="OCP.ts" path="C:\Users\Stingray\Desktop\System-design\SOLID Principles\Typescript\OCP.ts">
      <metrics statements="26" coveredstatements="26" conditionals="4" coveredconditionals="4" methods="6" coveredmethods="6"/>
      <line num="5" count="8" type="cond" truecount="4" falsecount="0"/>
      <line num="7" count="2" type="stmt"/>
      <line num="8" count="2" type="stmt"/>
      <line num="10" count="2" type="stmt"/>
      <line num="11" count="2" type="stmt"/>
      <line num="13" count="1" type="stmt"/>
      <line num="14" count="1" type="stmt"/>
      <line num="16" count="3" type="stmt"/>
      <line num="22" count="1" type="stmt"/>
      <line num="23" count="1" type="stmt"/>
      <line num="24" count="1" type="stmt"/>
      <line num="25" count="1" type="stmt"/>
      <line num="36" count="4" type="stmt"/>
      <line num="42" count="2" type="stmt"/>
      <line num="48" count="2" type="stmt"/>
      <line num="54" count="8" type="stmt"/>
      <line num="61" count="3" type="stmt"/>
      <line num="68" count="1" type="stmt"/>
      <line num="69" count="1" type="stmt"/>
      <line num="70" count="1" type="stmt"/>
      <line num="71" count="1" type="stmt"/>
      <line num="72" count="1" type="stmt"/>
      <line num="73" count="1" type="stmt"/>
      <line num="78" count="1" type="stmt"/>
      <line num="79" count="1" type="stmt"/>
      <line num="80" count="1" type="stmt"/>
    </file>
  </project>
</coverage>
