{"C:\\Users\\Stingray\\Desktop\\System-design\\SOLID Principles\\Typescript\\DIP.ts": {"path":"C:\\Users\\Stingray\\Desktop\\System-design\\SOLID Principles\\Typescript\\DIP.ts","statementMap":{"0":{"start":{"line":10,"column":10},"end":{"line":10,"column":47}},"1":{"start":{"line":13,"column":4},"end":{"line":13,"column":39}},"2":{"start":{"line":47,"column":23},"end":{"line":47,"column":38}},"3":{"start":{"line":19,"column":4},"end":{"line":19,"column":38}},"4":{"start":{"line":23,"column":22},"end":{"line":23,"column":43}},"5":{"start":{"line":24,"column":0},"end":{"line":24,"column":30}},"6":{"start":{"line":36,"column":4},"end":{"line":36,"column":38}},"7":{"start":{"line":47,"column":9},"end":{"line":47,"column":21}},"8":{"start":{"line":41,"column":22},"end":{"line":41,"column":46}},"9":{"start":{"line":43,"column":4},"end":{"line":43,"column":34}},"10":{"start":{"line":47,"column":40},"end":{"line":47,"column":53}}},"fnMap":{"0":{"name":"(anonymous_0)","decl":{"start":{"line":9,"column":0},"end":{"line":9,"column":6}},"loc":{"start":{"line":9,"column":0},"end":{"line":15,"column":1}}},"1":{"name":"(anonymous_1)","decl":{"start":{"line":12,"column":2},"end":{"line":12,"column":8}},"loc":{"start":{"line":12,"column":20},"end":{"line":14,"column":3}}},"2":{"name":"(anonymous_2)","decl":{"start":{"line":18,"column":2},"end":{"line":18,"column":13}},"loc":{"start":{"line":18,"column":25},"end":{"line":20,"column":3}}},"3":{"name":"(anonymous_3)","decl":{"start":{"line":35,"column":2},"end":{"line":35,"column":13}},"loc":{"start":{"line":35,"column":25},"end":{"line":37,"column":3}}},"4":{"name":"(anonymous_4)","decl":{"start":{"line":41,"column":2},"end":{"line":41,"column":22}},"loc":{"start":{"line":41,"column":46},"end":{"line":41,"column":50}}},"5":{"name":"(anonymous_5)","decl":{"start":{"line":42,"column":2},"end":{"line":42,"column":8}},"loc":{"start":{"line":42,"column":20},"end":{"line":44,"column":3}}}},"branchMap":{},"s":{"0":1,"1":1,"2":1,"3":1,"4":1,"5":1,"6":6,"7":1,"8":8,"9":8,"10":1},"f":{"0":1,"1":1,"2":1,"3":6,"4":8,"5":8},"b":{}}
,"C:\\Users\\Stingray\\Desktop\\System-design\\SOLID Principles\\Typescript\\OCP.ts": {"path":"C:\\Users\\Stingray\\Desktop\\System-design\\SOLID Principles\\Typescript\\OCP.ts","statementMap":{"0":{"start":{"line":5,"column":4},"end":{"line":17,"column":5}},"1":{"start":{"line":7,"column":8},"end":{"line":7,"column":56}},"2":{"start":{"line":8,"column":8},"end":{"line":8,"column":14}},"3":{"start":{"line":10,"column":8},"end":{"line":10,"column":54}},"4":{"start":{"line":11,"column":8},"end":{"line":11,"column":14}},"5":{"start":{"line":13,"column":8},"end":{"line":13,"column":51}},"6":{"start":{"line":14,"column":8},"end":{"line":14,"column":14}},"7":{"start":{"line":16,"column":8},"end":{"line":16,"column":46}},"8":{"start":{"line":68,"column":2},"end":{"line":68,"column":14}},"9":{"start":{"line":22,"column":21},"end":{"line":22,"column":39}},"10":{"start":{"line":23,"column":0},"end":{"line":23,"column":41}},"11":{"start":{"line":24,"column":0},"end":{"line":24,"column":38}},"12":{"start":{"line":25,"column":0},"end":{"line":25,"column":37}},"13":{"start":{"line":36,"column":4},"end":{"line":36,"column":52}},"14":{"start":{"line":70,"column":2},"end":{"line":70,"column":19}},"15":{"start":{"line":42,"column":4},"end":{"line":42,"column":47}},"16":{"start":{"line":71,"column":2},"end":{"line":71,"column":15}},"17":{"start":{"line":48,"column":4},"end":{"line":48,"column":47}},"18":{"start":{"line":72,"column":2},"end":{"line":72,"column":15}},"19":{"start":{"line":54,"column":4},"end":{"line":54,"column":30}},"20":{"start":{"line":69,"column":2},"end":{"line":69,"column":18}},"21":{"start":{"line":61,"column":4},"end":{"line":61,"column":50}},"22":{"start":{"line":73,"column":2},"end":{"line":73,"column":17}},"23":{"start":{"line":78,"column":18},"end":{"line":78,"column":40}},"24":{"start":{"line":79,"column":0},"end":{"line":79,"column":48}},"25":{"start":{"line":80,"column":0},"end":{"line":80,"column":46}}},"fnMap":{"0":{"name":"(anonymous_0)","decl":{"start":{"line":4,"column":2},"end":{"line":4,"column":9}},"loc":{"start":{"line":4,"column":47},"end":{"line":18,"column":3}}},"1":{"name":"(anonymous_1)","decl":{"start":{"line":35,"column":2},"end":{"line":35,"column":5}},"loc":{"start":{"line":35,"column":20},"end":{"line":37,"column":3}}},"2":{"name":"(anonymous_2)","decl":{"start":{"line":41,"column":2},"end":{"line":41,"column":5}},"loc":{"start":{"line":41,"column":20},"end":{"line":43,"column":3}}},"3":{"name":"(anonymous_3)","decl":{"start":{"line":47,"column":2},"end":{"line":47,"column":5}},"loc":{"start":{"line":47,"column":20},"end":{"line":49,"column":3}}},"4":{"name":"(anonymous_4)","decl":{"start":{"line":53,"column":2},"end":{"line":53,"column":9}},"loc":{"start":{"line":53,"column":55},"end":{"line":55,"column":3}}},"5":{"name":"(anonymous_5)","decl":{"start":{"line":60,"column":2},"end":{"line":60,"column":5}},"loc":{"start":{"line":60,"column":20},"end":{"line":62,"column":3}}}},"branchMap":{"0":{"loc":{"start":{"line":5,"column":4},"end":{"line":17,"column":5}},"type":"switch","locations":[{"start":{"line":6,"column":6},"end":{"line":8,"column":14}},{"start":{"line":9,"column":6},"end":{"line":11,"column":14}},{"start":{"line":12,"column":6},"end":{"line":14,"column":14}},{"start":{"line":15,"column":6},"end":{"line":16,"column":46}}]}},"s":{"0":8,"1":2,"2":2,"3":2,"4":2,"5":1,"6":1,"7":3,"8":1,"9":1,"10":1,"11":1,"12":1,"13":4,"14":1,"15":2,"16":1,"17":2,"18":1,"19":8,"20":1,"21":3,"22":1,"23":1,"24":1,"25":1},"f":{"0":8,"1":4,"2":2,"3":2,"4":8,"5":3},"b":{"0":[2,2,1,3]}}
}
