TN:
SF:SOLID Principles\Typescript\DIP.ts
FN:9,(anonymous_0)
FN:12,(anonymous_1)
FN:18,(anonymous_2)
FN:35,(anonymous_3)
FN:41,(anonymous_4)
FN:42,(anonymous_5)
FNF:6
FNH:6
FNDA:1,(anonymous_0)
FNDA:1,(anonymous_1)
FNDA:1,(anonymous_2)
FNDA:6,(anonymous_3)
FNDA:8,(anonymous_4)
FNDA:8,(anonymous_5)
DA:10,1
DA:13,1
DA:19,1
DA:23,1
DA:24,1
DA:36,6
DA:41,8
DA:43,8
DA:47,1
LF:9
LH:9
BRF:0
BRH:0
end_of_record
TN:
SF:SOLID Principles\Typescript\OCP.ts
FN:4,(anonymous_0)
FN:35,(anonymous_1)
FN:41,(anonymous_2)
FN:47,(anonymous_3)
FN:53,(anonymous_4)
FN:60,(anonymous_5)
FNF:6
FNH:6
FNDA:8,(anonymous_0)
FNDA:4,(anonymous_1)
FNDA:2,(anonymous_2)
FNDA:2,(anonymous_3)
FNDA:8,(anonymous_4)
FNDA:3,(anonymous_5)
DA:5,8
DA:7,2
DA:8,2
DA:10,2
DA:11,2
DA:13,1
DA:14,1
DA:16,3
DA:22,1
DA:23,1
DA:24,1
DA:25,1
DA:36,4
DA:42,2
DA:48,2
DA:54,8
DA:61,3
DA:68,1
DA:69,1
DA:70,1
DA:71,1
DA:72,1
DA:73,1
DA:78,1
DA:79,1
DA:80,1
LF:26
LH:26
BRDA:5,0,0,2
BRDA:5,0,1,2
BRDA:5,0,2,1
BRDA:5,0,3,3
BRF:4
BRH:4
end_of_record
